<?xml version="1.0" encoding="UTF-8"?>
<!-- Generated by org.testng.reporters.JUnitXMLReporter -->
<testsuite ignored="0" hostname="DESKTOP-CEPH6CU" failures="0" tests="6" name="Default test" time="119.544" errors="0" timestamp="2022-07-28T12:32:56 IST">
  <testcase classname="Academy.HomePage" name="basePageNavigation" time="21.282"/>
  <testcase classname="Academy.HomePage" name="basePageNavigation" time="18.367"/>
  <testcase classname="Academy.HomePage" name="basesearch" time="19.696"/>
  <testcase classname="Academy.HomePage" name="basesearch" time="18.877"/>
  <testcase classname="Academy.HomePage" name="basesearch" time="17.767"/>
  <testcase classname="Academy.HomePage" name="basesearch" time="19.191"/>
</testsuite> <!-- Default test -->
