<?xml version="1.0" encoding="UTF-8"?>
<!-- Generated by org.testng.reporters.JUnitXMLReporter -->
<testsuite ignored="0" hostname="DESKTOP-CEPH6CU" failures="0" tests="6" name="Validating Login and Search function" time="117.79" errors="0" timestamp="2022-07-28T12:42:39 IST">
  <testcase classname="Shopclues.HomePage" name="basePageNavigation" time="21.528"/>
  <testcase classname="Shopclues.HomePage" name="basePageNavigation" time="18.931"/>
  <testcase classname="Shopclues.HomePage" name="basesearch" time="17.608"/>
  <testcase classname="Shopclues.HomePage" name="basesearch" time="18.389"/>
  <testcase classname="Shopclues.HomePage" name="basesearch" time="17.862"/>
  <testcase classname="Shopclues.HomePage" name="basesearch" time="19.268"/>
</testsuite> <!-- Validating Login and Search function -->
